# V2FREE 自动签到脚本 版本: 1.0
[2023-10-25 13:05:48,163] [INFO] a*******@d***.com 获得了 390MB 流量.
[2023-10-26 03:15:22,366] [INFO] n*********@h****.com 获得了 404MB 流量.
[2023-10-26 03:15:23,903] [INFO] k*********@h****.com 获得了 375MB 流量.
[2023-10-26 03:15:25,439] [INFO] h**@a***********.org 获得了 449MB 流量.
[2023-10-26 03:15:26,997] [INFO] v*******@d***.com 获得了 460MB 流量.
[2023-10-26 03:15:28,542] [INFO] a*******@d***.com 获得了 306MB 流量.
[2023-10-27 03:15:19,760] [INFO] n*********@h****.com 获得了 475MB 流量.
[2023-10-27 03:15:20,954] [INFO] k*********@h****.com 获得了 451MB 流量.
[2023-10-27 03:15:22,160] [INFO] h**@a***********.org 获得了 357MB 流量.
[2023-10-27 03:15:23,554] [INFO] v*******@d***.com 获得了 459MB 流量.
[2023-10-27 03:15:24,948] [INFO] a*******@d***.com 获得了 430MB 流量.
[2023-10-28 03:15:08,756] [INFO] n*********@h****.com 获得了 375MB 流量.
[2023-10-28 03:15:10,239] [INFO] k*********@h****.com 获得了 460MB 流量.
[2023-10-28 03:15:11,472] [INFO] h**@a***********.org 获得了 337MB 流量.
[2023-10-28 03:15:12,721] [INFO] v*******@d***.com 获得了 455MB 流量.
[2023-10-28 03:15:14,188] [INFO] a*******@d***.com 获得了 498MB 流量.
[2023-10-29 03:15:28,611] [INFO] n*********@h****.com 获得了 482MB 流量.
[2023-10-29 03:15:30,151] [INFO] k*********@h****.com 获得了 499MB 流量.
[2023-10-29 03:15:31,693] [INFO] h**@a***********.org 获得了 383MB 流量.
[2023-10-29 03:15:33,220] [INFO] v*******@d***.com 获得了 496MB 流量.
[2023-10-29 03:15:34,508] [INFO] a*******@d***.com 获得了 382MB 流量.
[2023-10-30 03:15:55,304] [INFO] n*********@h****.com 获得了 339MB 流量.
[2023-10-30 03:15:56,854] [INFO] k*********@h****.com 获得了 490MB 流量.
[2023-10-30 03:15:58,372] [INFO] h**@a***********.org 获得了 460MB 流量.
[2023-10-30 03:15:59,914] [INFO] v*******@d***.com 获得了 414MB 流量.
[2023-10-30 03:16:01,443] [INFO] a*******@d***.com 获得了 412MB 流量.
[2023-10-31 03:15:47,896] [INFO] n*********@h****.com 获得了 306MB 流量.
[2023-10-31 03:15:49,299] [INFO] k*********@h****.com 获得了 449MB 流量.
[2023-10-31 03:15:50,532] [INFO] h**@a***********.org 获得了 318MB 流量.
[2023-10-31 03:15:51,962] [INFO] v*******@d***.com 获得了 310MB 流量.
[2023-10-31 03:15:53,418] [INFO] a*******@d***.com 获得了 483MB 流量.
[2023-11-01 03:16:05,627] [INFO] n*********@h****.com 获得了 434MB 流量.
[2023-11-01 03:16:06,961] [INFO] k*********@h****.com 获得了 301MB 流量.
[2023-11-01 03:16:08,480] [INFO] h**@a***********.org 获得了 499MB 流量.
[2023-11-01 03:16:09,777] [INFO] v*******@d***.com 获得了 400MB 流量.
[2023-11-01 03:16:11,070] [INFO] a*******@d***.com 获得了 358MB 流量.
[2023-11-02 03:15:59,500] [INFO] n*********@h****.com 获得了 394MB 流量.
[2023-11-02 03:16:01,381] [INFO] k*********@h****.com 获得了 489MB 流量.
[2023-11-02 03:16:03,267] [INFO] h**@a***********.org 获得了 302MB 流量.
[2023-11-02 03:16:05,218] [INFO] v*******@d***.com 获得了 387MB 流量.
[2023-11-02 03:16:06,914] [INFO] a*******@d***.com 获得了 435MB 流量.
[2023-11-03 03:15:39,846] [INFO] n*********@h****.com 获得了 466MB 流量.
[2023-11-03 03:15:41,355] [INFO] k*********@h****.com 获得了 402MB 流量.
[2023-11-03 03:15:42,890] [INFO] h**@a***********.org 获得了 439MB 流量.
[2023-11-03 03:15:44,183] [INFO] v*******@d***.com 获得了 468MB 流量.
[2023-11-03 03:15:45,688] [INFO] a*******@d***.com 获得了 321MB 流量.
[2023-11-04 03:15:24,687] [INFO] n*********@h****.com 获得了 401MB 流量.
[2023-11-04 03:15:26,266] [INFO] k*********@h****.com 获得了 433MB 流量.
[2023-11-04 03:15:27,840] [INFO] h**@a***********.org 获得了 461MB 流量.
[2023-11-04 03:15:29,455] [INFO] v*******@d***.com 获得了 496MB 流量.
[2023-11-04 03:15:31,020] [INFO] a*******@d***.com 获得了 435MB 流量.
[2023-11-05 03:17:40,649] [INFO] n*********@h****.com 获得了 385MB 流量.
[2023-11-05 03:17:42,064] [INFO] k*********@h****.com 获得了 494MB 流量.
[2023-11-05 03:17:43,487] [INFO] h**@a***********.org 获得了 491MB 流量.
[2023-11-05 03:17:44,734] [INFO] v*******@d***.com 获得了 336MB 流量.
[2023-11-05 03:17:46,162] [INFO] a*******@d***.com 获得了 426MB 流量.
[2023-11-06 03:16:04,936] [INFO] n*********@h****.com 获得了 444MB 流量.
[2023-11-06 03:16:06,456] [INFO] k*********@h****.com 获得了 429MB 流量.
[2023-11-06 03:16:07,753] [INFO] h**@a***********.org 获得了 350MB 流量.
[2023-11-06 03:16:09,323] [INFO] v*******@d***.com 获得了 378MB 流量.
[2023-11-06 03:16:11,909] [INFO] a*******@d***.com 获得了 381MB 流量.
[2023-11-07 03:15:55,392] [INFO] n*********@h****.com 获得了 320MB 流量.
[2023-11-07 03:15:57,021] [INFO] k*********@h****.com 获得了 363MB 流量.
[2023-11-07 03:15:58,622] [INFO] h**@a***********.org 获得了 465MB 流量.
[2023-11-07 03:16:00,360] [INFO] v*******@d***.com 获得了 429MB 流量.
[2023-11-07 03:16:02,342] [INFO] a*******@d***.com 获得了 306MB 流量.
[2023-11-08 03:15:53,286] [INFO] n*********@h****.com 获得了 309MB 流量.
[2023-11-08 03:15:55,073] [INFO] k*********@h****.com 获得了 490MB 流量.
[2023-11-08 03:15:56,804] [INFO] h**@a***********.org 获得了 342MB 流量.
[2023-11-08 03:15:58,588] [INFO] v*******@d***.com 获得了 347MB 流量.
[2023-11-08 03:16:00,333] [INFO] a*******@d***.com 获得了 479MB 流量.
[2023-11-09 03:15:33,425] [INFO] n*********@h****.com 获得了 312MB 流量.
[2023-11-09 03:15:34,690] [INFO] k*********@h****.com 获得了 357MB 流量.
[2023-11-09 03:15:36,169] [INFO] h**@a***********.org 获得了 433MB 流量.
[2023-11-09 03:15:37,464] [INFO] v*******@d***.com 获得了 340MB 流量.
[2023-11-09 03:15:38,954] [INFO] a*******@d***.com 获得了 375MB 流量.
[2023-11-10 03:15:56,903] [INFO] n*********@h****.com 获得了 348MB 流量.
[2023-11-10 03:15:58,662] [INFO] k*********@h****.com 获得了 445MB 流量.
[2023-11-10 03:16:00,430] [INFO] h**@a***********.org 获得了 405MB 流量.
[2023-11-10 03:16:02,177] [INFO] v*******@d***.com 获得了 382MB 流量.
[2023-11-10 03:16:03,964] [INFO] a*******@d***.com 获得了 436MB 流量.
[2023-11-11 03:17:21,182] [INFO] n*********@h****.com 获得了 363MB 流量.
[2023-11-11 03:17:23,135] [INFO] k*********@h****.com 获得了 345MB 流量.
[2023-11-11 03:17:25,230] [INFO] h**@a***********.org 获得了 312MB 流量.
[2023-11-11 03:17:27,115] [INFO] v*******@d***.com 获得了 343MB 流量.
[2023-11-11 03:17:28,896] [INFO] a*******@d***.com 获得了 308MB 流量.
[2023-11-12 03:15:25,581] [INFO] n*********@h****.com 获得了 494MB 流量.
[2023-11-12 03:15:27,454] [INFO] k*********@h****.com 获得了 439MB 流量.
[2023-11-12 03:15:29,048] [INFO] h**@a***********.org 获得了 375MB 流量.
[2023-11-12 03:15:30,945] [INFO] v*******@d***.com 获得了 342MB 流量.
[2023-11-12 03:15:32,908] [INFO] a*******@d***.com 获得了 353MB 流量.
[2023-11-13 03:16:03,141] [INFO] n*********@h****.com 获得了 421MB 流量.
[2023-11-13 03:16:04,941] [INFO] k*********@h****.com 获得了 454MB 流量.
[2023-11-13 03:16:06,770] [INFO] h**@a***********.org 获得了 371MB 流量.
[2023-11-13 03:16:08,577] [INFO] v*******@d***.com 获得了 326MB 流量.
[2023-11-13 03:16:10,349] [INFO] a*******@d***.com 获得了 415MB 流量.
[2023-11-14 03:16:09,535] [INFO] n*********@h****.com 获得了 344MB 流量.
[2023-11-14 03:16:11,406] [INFO] k*********@h****.com 获得了 351MB 流量.
[2023-11-14 03:16:13,054] [INFO] h**@a***********.org 获得了 452MB 流量.
[2023-11-14 03:16:14,971] [INFO] v*******@d***.com 获得了 459MB 流量.
[2023-11-14 03:16:16,890] [INFO] a*******@d***.com 获得了 448MB 流量.
[2023-11-15 03:16:21,939] [INFO] n*********@h****.com 获得了 404MB 流量.
[2023-11-15 03:16:23,789] [INFO] k*********@h****.com 获得了 310MB 流量.
[2023-11-15 03:16:25,639] [INFO] h**@a***********.org 获得了 404MB 流量.
[2023-11-15 03:16:27,463] [INFO] v*******@d***.com 获得了 496MB 流量.
[2023-11-15 03:16:29,326] [INFO] a*******@d***.com 获得了 430MB 流量.
[2023-11-16 03:16:40,071] [INFO] n*********@h****.com 获得了 444MB 流量.
[2023-11-16 03:16:42,425] [INFO] k*********@h****.com 获得了 408MB 流量.
[2023-11-16 03:16:43,871] [INFO] h**@a***********.org 获得了 452MB 流量.
[2023-11-16 03:16:44,947] [INFO] v*******@d***.com 获得了 432MB 流量.
[2023-11-16 03:16:46,310] [INFO] a*******@d***.com 获得了 391MB 流量.
[2023-11-17 03:16:33,690] [INFO] n*********@h****.com 获得了 404MB 流量.
[2023-11-17 03:16:34,839] [INFO] k*********@h****.com 获得了 471MB 流量.
[2023-11-17 03:16:36,232] [INFO] h**@a***********.org 获得了 412MB 流量.
[2023-11-17 03:16:37,384] [INFO] v*******@d***.com 获得了 308MB 流量.
[2023-11-17 03:16:38,553] [INFO] a*******@d***.com 获得了 427MB 流量.
[2023-11-18 03:16:06,998] [INFO] n*********@h****.com 获得了 394MB 流量.
[2023-11-18 03:16:08,453] [INFO] k*********@h****.com 获得了 368MB 流量.
[2023-11-18 03:16:09,972] [INFO] h**@a***********.org 获得了 359MB 流量.
[2023-11-18 03:16:11,457] [INFO] v*******@d***.com 获得了 366MB 流量.
[2023-11-18 03:16:12,965] [INFO] a*******@d***.com 获得了 454MB 流量.
[2023-11-19 03:16:00,245] [INFO] n*********@h****.com 获得了 354MB 流量.
[2023-11-19 03:16:33,076] [INFO] k*********@h****.com 获得了 462MB 流量.
[2023-11-19 03:17:05,834] [INFO] h**@a***********.org 获得了 421MB 流量.
[2023-11-19 03:17:38,609] [INFO] v*******@d***.com 获得了 372MB 流量.
[2023-11-19 03:18:11,381] [INFO] a*******@d***.com 获得了 466MB 流量.
[2023-11-20 03:16:45,430] [INFO] n*********@h****.com 获得了 492MB 流量.
[2023-11-20 03:16:46,935] [INFO] k*********@h****.com 获得了 436MB 流量.
[2023-11-20 03:16:48,415] [INFO] h**@a***********.org 获得了 420MB 流量.
[2023-11-20 03:16:49,634] [INFO] v*******@d***.com 获得了 375MB 流量.
[2023-11-20 03:16:51,112] [INFO] a*******@d***.com 获得了 487MB 流量.
[2023-11-21 03:17:04,149] [INFO] n*********@h****.com 获得了 500MB 流量.
[2023-11-21 03:17:05,356] [INFO] k*********@h****.com 获得了 369MB 流量.
[2023-11-21 03:17:06,572] [INFO] h**@a***********.org 获得了 438MB 流量.
[2023-11-21 03:17:07,789] [INFO] v*******@d***.com 获得了 455MB 流量.
[2023-11-21 03:17:08,785] [INFO] a*******@d***.com 获得了 408MB 流量.
[2023-11-22 03:17:08,761] [INFO] n*********@h****.com 获得了 496MB 流量.
[2023-11-22 03:17:10,009] [INFO] k*********@h****.com 获得了 498MB 流量.
[2023-11-22 03:17:11,242] [INFO] h**@a***********.org 获得了 331MB 流量.
[2023-11-22 03:17:12,476] [INFO] v*******@d***.com 获得了 460MB 流量.
[2023-11-22 03:17:13,683] [INFO] a*******@d***.com 获得了 357MB 流量.
[2023-11-23 03:16:29,614] [INFO] n*********@h****.com 获得了 383MB 流量.
[2023-11-23 03:16:30,838] [INFO] k*********@h****.com 获得了 431MB 流量.
[2023-11-23 03:16:32,054] [INFO] h**@a***********.org 获得了 384MB 流量.
[2023-11-23 03:16:33,068] [INFO] v*******@d***.com 获得了 493MB 流量.
[2023-11-23 03:16:34,257] [INFO] a*******@d***.com 获得了 461MB 流量.
[2023-11-24 03:16:28,468] [INFO] n*********@h****.com 获得了 478MB 流量.
[2023-11-24 03:16:29,486] [INFO] k*********@h****.com 获得了 300MB 流量.
[2023-11-24 03:16:30,715] [INFO] h**@a***********.org 获得了 499MB 流量.
[2023-11-24 03:16:31,910] [INFO] v*******@d***.com 获得了 465MB 流量.
[2023-11-24 03:16:32,910] [INFO] a*******@d***.com 获得了 419MB 流量.
[2023-11-25 03:16:34,635] [INFO] n*********@h****.com 获得了 399MB 流量.
[2023-11-25 03:16:35,822] [INFO] k*********@h****.com 获得了 382MB 流量.
[2023-11-25 03:16:37,029] [INFO] h**@a***********.org 获得了 355MB 流量.
[2023-11-25 03:16:38,229] [INFO] v*******@d***.com 获得了 400MB 流量.
[2023-11-25 03:16:39,460] [INFO] a*******@d***.com 获得了 462MB 流量.
[2023-11-26 03:16:04,016] [INFO] n*********@h****.com 获得了 310MB 流量.
[2023-11-26 03:16:05,042] [INFO] k*********@h****.com 获得了 425MB 流量.
[2023-11-26 03:16:06,058] [INFO] h**@a***********.org 获得了 381MB 流量.
[2023-11-26 03:16:07,067] [INFO] v*******@d***.com 获得了 341MB 流量.
[2023-11-26 03:16:08,102] [INFO] a*******@d***.com 获得了 453MB 流量.
[2023-11-27 03:16:35,345] [INFO] n*********@h****.com 获得了 390MB 流量.
[2023-11-27 03:16:36,801] [INFO] k*********@h****.com 获得了 466MB 流量.
[2023-11-27 03:16:38,288] [INFO] h**@a***********.org 获得了 403MB 流量.
[2023-11-27 03:16:39,749] [INFO] v*******@d***.com 获得了 315MB 流量.
[2023-11-27 03:16:41,232] [INFO] a*******@d***.com 获得了 394MB 流量.
[2023-11-28 03:16:41,388] [INFO] n*********@h****.com 获得了 385MB 流量.
[2023-11-28 03:16:42,840] [INFO] k*********@h****.com 获得了 457MB 流量.
[2023-11-28 03:16:44,237] [INFO] h**@a***********.org 获得了 493MB 流量.
[2023-11-28 03:16:45,427] [INFO] v*******@d***.com 获得了 326MB 流量.
[2023-11-28 03:16:46,608] [INFO] a*******@d***.com 获得了 344MB 流量.
[2023-11-29 03:16:23,090] [INFO] n*********@h****.com 获得了 442MB 流量.
[2023-11-29 03:16:24,576] [INFO] k*********@h****.com 获得了 494MB 流量.
[2023-11-29 03:16:25,804] [INFO] h**@a***********.org 获得了 407MB 流量.
[2023-11-29 03:16:27,043] [INFO] v*******@d***.com 获得了 431MB 流量.
[2023-11-29 03:16:28,543] [INFO] a*******@d***.com 获得了 371MB 流量.
[2023-11-30 03:16:21,914] [INFO] n*********@h****.com 获得了 433MB 流量.
[2023-11-30 03:16:23,144] [INFO] k*********@h****.com 获得了 495MB 流量.
[2023-11-30 03:16:24,130] [INFO] h**@a***********.org 获得了 450MB 流量.
[2023-11-30 03:16:25,369] [INFO] v*******@d***.com 获得了 303MB 流量.
[2023-11-30 03:16:26,377] [INFO] a*******@d***.com 获得了 400MB 流量.
[2023-12-01 03:16:58,032] [INFO] n*********@h****.com 获得了 406MB 流量.
[2023-12-01 03:16:59,524] [INFO] k*********@h****.com 获得了 358MB 流量.
[2023-12-01 03:17:01,011] [INFO] h**@a***********.org 获得了 497MB 流量.
[2023-12-01 03:17:02,481] [INFO] v*******@d***.com 获得了 308MB 流量.
[2023-12-01 03:17:03,987] [INFO] a*******@d***.com 获得了 458MB 流量.
[2023-12-02 03:16:05,763] [INFO] n*********@h****.com 获得了 450MB 流量.
[2023-12-02 03:16:07,178] [INFO] k*********@h****.com 获得了 490MB 流量.
[2023-12-02 03:16:08,559] [INFO] h**@a***********.org 获得了 497MB 流量.
[2023-12-02 03:16:09,955] [INFO] v*******@d***.com 获得了 465MB 流量.
[2023-12-02 03:16:11,387] [INFO] a*******@d***.com 获得了 330MB 流量.
[2023-12-03 03:15:57,061] [INFO] n*********@h****.com 获得了 415MB 流量.
[2023-12-03 03:15:58,295] [INFO] k*********@h****.com 获得了 375MB 流量.
[2023-12-03 03:15:59,529] [INFO] h**@a***********.org 获得了 392MB 流量.
[2023-12-03 03:16:00,710] [INFO] v*******@d***.com 获得了 463MB 流量.
[2023-12-03 03:16:01,722] [INFO] a*******@d***.com 获得了 466MB 流量.
[2023-12-04 03:16:52,701] [INFO] n*********@h****.com 获得了 341MB 流量.
[2023-12-04 03:16:53,937] [INFO] k*********@h****.com 获得了 321MB 流量.
[2023-12-04 03:16:55,414] [INFO] h**@a***********.org 获得了 363MB 流量.
[2023-12-04 03:16:56,661] [INFO] v*******@d***.com 获得了 366MB 流量.
[2023-12-04 03:16:57,911] [INFO] a*******@d***.com 获得了 431MB 流量.
[2023-12-05 03:16:56,558] [INFO] n*********@h****.com 获得了 472MB 流量.
[2023-12-05 03:16:58,058] [INFO] k*********@h****.com 获得了 495MB 流量.
[2023-12-05 03:16:59,530] [INFO] h**@a***********.org 获得了 308MB 流量.
[2023-12-05 03:17:01,021] [INFO] v*******@d***.com 获得了 317MB 流量.
[2023-12-05 03:17:02,248] [INFO] a*******@d***.com 获得了 333MB 流量.
[2023-12-06 03:16:48,209] [INFO] n*********@h****.com 获得了 393MB 流量.
[2023-12-06 03:17:21,474] [INFO] k*********@h****.com 获得了 368MB 流量.
[2023-12-06 03:17:54,743] [INFO] h**@a***********.org 获得了 500MB 流量.
[2023-12-06 03:18:28,025] [INFO] v*******@d***.com 获得了 448MB 流量.
[2023-12-06 03:19:01,055] [INFO] a*******@d***.com 获得了 458MB 流量.
[2023-12-07 03:16:44,434] [INFO] n*********@h****.com 获得了 424MB 流量.
[2023-12-07 03:16:45,462] [INFO] k*********@h****.com 获得了 341MB 流量.
[2023-12-07 03:16:46,713] [INFO] h**@a***********.org 获得了 473MB 流量.
[2023-12-07 03:16:47,753] [INFO] v*******@d***.com 获得了 368MB 流量.
[2023-12-07 03:16:48,781] [INFO] a*******@d***.com 获得了 497MB 流量.
[2023-12-08 03:16:39,244] [INFO] n*********@h****.com 获得了 489MB 流量.
[2023-12-08 03:16:40,312] [INFO] k*********@h****.com 获得了 307MB 流量.
[2023-12-08 03:16:41,363] [INFO] h**@a***********.org 获得了 384MB 流量.
[2023-12-08 03:16:42,422] [INFO] v*******@d***.com 获得了 395MB 流量.
[2023-12-08 03:16:43,461] [INFO] a*******@d***.com 获得了 441MB 流量.
[2023-12-09 03:15:57,322] [INFO] n*********@h****.com 获得了 387MB 流量.
[2023-12-09 03:15:58,460] [INFO] k*********@h****.com 获得了 426MB 流量.
[2023-12-09 03:15:59,860] [INFO] h**@a***********.org 获得了 403MB 流量.
[2023-12-09 03:16:01,242] [INFO] v*******@d***.com 获得了 359MB 流量.
[2023-12-09 03:16:02,389] [INFO] a*******@d***.com 获得了 490MB 流量.
[2023-12-10 03:16:38,964] [INFO] n*********@h****.com 获得了 329MB 流量.
[2023-12-10 03:16:40,408] [INFO] k*********@h****.com 获得了 329MB 流量.
[2023-12-10 03:16:41,640] [INFO] h**@a***********.org 获得了 492MB 流量.
[2023-12-10 03:16:43,118] [INFO] v*******@d***.com 获得了 318MB 流量.
[2023-12-10 03:16:44,576] [INFO] a*******@d***.com 获得了 350MB 流量.
[2023-12-11 03:17:05,743] [INFO] n*********@h****.com 获得了 454MB 流量.
[2023-12-11 03:17:06,993] [INFO] k*********@h****.com 获得了 400MB 流量.
[2023-12-11 03:17:08,496] [INFO] h**@a***********.org 获得了 393MB 流量.
[2023-12-11 03:17:09,977] [INFO] v*******@d***.com 获得了 370MB 流量.
[2023-12-11 03:17:11,471] [INFO] a*******@d***.com 获得了 471MB 流量.
[2023-12-12 03:16:52,186] [INFO] n*********@h****.com 获得了 311MB 流量.
[2023-12-12 03:16:53,687] [INFO] k*********@h****.com 获得了 309MB 流量.
[2023-12-12 03:16:55,191] [INFO] h**@a***********.org 获得了 366MB 流量.
[2023-12-12 03:16:56,705] [INFO] v*******@d***.com 获得了 404MB 流量.
[2023-12-12 03:16:58,243] [INFO] a*******@d***.com 获得了 472MB 流量.
[2023-12-13 03:17:11,855] [INFO] n*********@h****.com 获得了 378MB 流量.
[2023-12-13 03:17:12,908] [INFO] k*********@h****.com 获得了 496MB 流量.
[2023-12-13 03:17:14,180] [INFO] h**@a***********.org 获得了 377MB 流量.
[2023-12-13 03:17:15,293] [INFO] v*******@d***.com 获得了 355MB 流量.
[2023-12-13 03:17:16,594] [INFO] a*******@d***.com 获得了 412MB 流量.
[2023-12-14 03:16:45,616] [INFO] n*********@h****.com 获得了 357MB 流量.
[2023-12-14 03:16:47,132] [INFO] k*********@h****.com 获得了 416MB 流量.
[2023-12-14 03:16:48,622] [INFO] h**@a***********.org 获得了 456MB 流量.
[2023-12-14 03:16:50,117] [INFO] v*******@d***.com 获得了 415MB 流量.
[2023-12-14 03:16:51,605] [INFO] a*******@d***.com 获得了 468MB 流量.
[2023-12-15 03:17:19,674] [INFO] n*********@h****.com 获得了 377MB 流量.
[2023-12-15 03:17:20,961] [INFO] k*********@h****.com 获得了 467MB 流量.
[2023-12-15 03:17:22,012] [INFO] h**@a***********.org 获得了 458MB 流量.
[2023-12-15 03:17:23,110] [INFO] v*******@d***.com 获得了 315MB 流量.
[2023-12-15 03:17:24,203] [INFO] a*******@d***.com 获得了 367MB 流量.
[2023-12-16 03:16:05,106] [INFO] n*********@h****.com 获得了 440MB 流量.
[2023-12-16 03:16:06,411] [INFO] k*********@h****.com 获得了 429MB 流量.
[2023-12-16 03:16:12,346] [INFO] h**@a***********.org 获得了 489MB 流量.
[2023-12-16 03:16:13,567] [INFO] v*******@d***.com 获得了 440MB 流量.
[2023-12-16 03:16:15,068] [INFO] a*******@d***.com 获得了 319MB 流量.
[2023-12-17 03:16:09,731] [INFO] n*********@h****.com 获得了 456MB 流量.
[2023-12-17 03:16:11,003] [INFO] k*********@h****.com 获得了 494MB 流量.
[2023-12-17 03:16:12,527] [INFO] h**@a***********.org 获得了 315MB 流量.
[2023-12-17 03:16:14,028] [INFO] v*******@d***.com 获得了 306MB 流量.
[2023-12-17 03:16:15,613] [INFO] a*******@d***.com 获得了 428MB 流量.
[2023-12-18 03:17:02,326] [INFO] n*********@h****.com 获得了 323MB 流量.
[2023-12-18 03:17:03,672] [INFO] k*********@h****.com 获得了 312MB 流量.
[2023-12-18 03:17:04,952] [INFO] h**@a***********.org 获得了 319MB 流量.
[2023-12-18 03:17:06,027] [INFO] v*******@d***.com 获得了 421MB 流量.
[2023-12-18 03:17:07,144] [INFO] a*******@d***.com 获得了 435MB 流量.
[2023-12-19 03:17:27,111] [INFO] n*********@h****.com 获得了 350MB 流量.
[2023-12-19 03:17:28,628] [INFO] k*********@h****.com 获得了 456MB 流量.
[2023-12-19 03:17:29,882] [INFO] h**@a***********.org 获得了 381MB 流量.
[2023-12-19 03:17:31,346] [INFO] v*******@d***.com 获得了 387MB 流量.
[2023-12-19 03:17:32,580] [INFO] a*******@d***.com 获得了 403MB 流量.
[2023-12-20 03:13:29,622] [INFO] n*********@h****.com 获得了 500MB 流量.
[2023-12-20 03:13:31,141] [INFO] k*********@h****.com 获得了 397MB 流量.
[2023-12-20 03:13:32,661] [INFO] h**@a***********.org 获得了 487MB 流量.
[2023-12-20 03:13:34,172] [INFO] v*******@d***.com 获得了 302MB 流量.
[2023-12-20 03:13:35,649] [INFO] a*******@d***.com 获得了 357MB 流量.
[2023-12-21 03:16:28,581] [INFO] n*********@h****.com 获得了 436MB 流量.
[2023-12-21 03:16:30,053] [INFO] k*********@h****.com 获得了 365MB 流量.
[2023-12-21 03:16:31,560] [INFO] h**@a***********.org 获得了 469MB 流量.
[2023-12-21 03:16:33,049] [INFO] v*******@d***.com 获得了 469MB 流量.
[2023-12-21 03:16:34,547] [INFO] a*******@d***.com 获得了 451MB 流量.
[2023-12-22 03:16:39,636] [INFO] n*********@h****.com 获得了 370MB 流量.
[2023-12-22 03:16:40,892] [INFO] k*********@h****.com 获得了 350MB 流量.
[2023-12-22 03:16:41,939] [INFO] h**@a***********.org 获得了 304MB 流量.
[2023-12-22 03:16:43,217] [INFO] v*******@d***.com 获得了 441MB 流量.
[2023-12-22 03:16:44,497] [INFO] a*******@d***.com 获得了 448MB 流量.
[2023-12-23 03:15:55,253] [INFO] n*********@h****.com 获得了 395MB 流量.
[2023-12-23 03:15:56,769] [INFO] k*********@h****.com 获得了 408MB 流量.
[2023-12-23 03:15:58,330] [INFO] h**@a***********.org 获得了 350MB 流量.
[2023-12-23 03:15:59,922] [INFO] v*******@d***.com 获得了 340MB 流量.
[2023-12-23 03:16:01,261] [INFO] a*******@d***.com 获得了 374MB 流量.
[2023-12-24 03:15:55,064] [INFO] n*********@h****.com 获得了 407MB 流量.
[2023-12-24 03:15:56,628] [INFO] k*********@h****.com 获得了 305MB 流量.
[2023-12-24 03:15:58,225] [INFO] h**@a***********.org 获得了 390MB 流量.
[2023-12-24 03:15:59,760] [INFO] v*******@d***.com 获得了 388MB 流量.
[2023-12-24 03:16:01,263] [INFO] a*******@d***.com 获得了 334MB 流量.
[2023-12-25 03:16:42,069] [INFO] n*********@h****.com 获得了 461MB 流量.
[2023-12-25 03:16:43,272] [INFO] k*********@h****.com 获得了 368MB 流量.
[2023-12-25 03:16:44,490] [INFO] h**@a***********.org 获得了 436MB 流量.
[2023-12-25 03:16:45,505] [INFO] v*******@d***.com 获得了 447MB 流量.
[2023-12-25 03:16:46,729] [INFO] a*******@d***.com 获得了 356MB 流量.
[2023-12-26 03:16:26,667] [INFO] n*********@h****.com 系统无法接受您的验证结果，请完成非机器人验证。
[2023-12-26 03:16:43,718] [INFO] k*********@h****.com 系统无法接受您的验证结果，请完成非机器人验证。
[2023-12-26 03:17:00,622] [INFO] h**@a***********.org 系统无法接受您的验证结果，请完成非机器人验证。
[2023-12-26 03:17:17,235] [INFO] v*******@d***.com 系统无法接受您的验证结果，请完成非机器人验证。
[2023-12-26 03:17:33,889] [INFO] a*******@d***.com 系统无法接受您的验证结果，请完成非机器人验证。
[2023-12-27 03:16:34,198] [INFO] n*********@h****.com 系统无法接受您的验证结果，请完成非机器人验证。
[2023-12-27 03:16:35,421] [INFO] k*********@h****.com 系统无法接受您的验证结果，请完成非机器人验证。
[2023-12-27 03:16:36,659] [INFO] h**@a***********.org 系统无法接受您的验证结果，请完成非机器人验证。
[2023-12-27 03:16:37,859] [INFO] v*******@d***.com 系统无法接受您的验证结果，请完成非机器人验证。
[2023-12-27 03:16:39,087] [INFO] a*******@d***.com 系统无法接受您的验证结果，请完成非机器人验证。
[2023-12-28 03:16:32,804] [INFO] n*********@h****.com 系统无法接受您的验证结果，请完成非机器人验证。
[2023-12-28 03:16:34,298] [INFO] k*********@h****.com 系统无法接受您的验证结果，请完成非机器人验证。
[2023-12-28 03:16:35,825] [INFO] h**@a***********.org 系统无法接受您的验证结果，请完成非机器人验证。
[2023-12-28 03:16:37,328] [INFO] v*******@d***.com 系统无法接受您的验证结果，请完成非机器人验证。
[2023-12-28 03:16:38,801] [INFO] a*******@d***.com 系统无法接受您的验证结果，请完成非机器人验证。
[2023-12-29 03:16:48,508] [INFO] n*********@h****.com 系统无法接受您的验证结果，请完成非机器人验证。
[2023-12-29 03:16:50,031] [INFO] k*********@h****.com 系统无法接受您的验证结果，请完成非机器人验证。
[2023-12-29 03:16:51,499] [INFO] h**@a***********.org 系统无法接受您的验证结果，请完成非机器人验证。
[2023-12-29 03:16:52,720] [INFO] v*******@d***.com 系统无法接受您的验证结果，请完成非机器人验证。
[2023-12-29 03:16:54,210] [INFO] a*******@d***.com 系统无法接受您的验证结果，请完成非机器人验证。
[2024-01-04 01:14:24,454] [INFO] P********@o******.com 系统无法接受您的验证结果，请完成非机器人验证。
[2024-01-04 03:19:03,030] [INFO] P********@o******.com 系统无法接受您的验证结果，请完成非机器人验证。
[2024-01-05 03:18:40,256] [INFO] P********@o******.com 系统无法接受您的验证结果，请完成非机器人验证。
[2024-01-06 03:18:22,329] [INFO] P********@o******.com 系统无法接受您的验证结果，请完成非机器人验证。
[2024-01-07 03:18:32,298] [INFO] P********@o******.com 系统无法接受您的验证结果，请完成非机器人验证。
[2024-01-08 03:19:08,177] [INFO] P********@o******.com 系统无法接受您的验证结果，请完成非机器人验证。
[2024-01-09 03:19:13,856] [INFO] P********@o******.com 系统无法接受您的验证结果，请完成非机器人验证。
[2024-01-10 03:19:15,383] [INFO] P********@o******.com 系统无法接受您的验证结果，请完成非机器人验证。
[2024-01-11 03:19:07,667] [INFO] P********@o******.com 系统无法接受您的验证结果，请完成非机器人验证。
[2024-01-12 03:19:08,868] [INFO] P********@o******.com 系统无法接受您的验证结果，请完成非机器人验证。
[2024-01-13 03:18:38,413] [INFO] P********@o******.com 系统无法接受您的验证结果，请完成非机器人验证。
[2024-01-14 03:19:13,167] [INFO] P********@o******.com 系统无法接受您的验证结果，请完成非机器人验证。
[2024-01-15 03:19:19,304] [INFO] P********@o******.com 系统无法接受您的验证结果，请完成非机器人验证。
[2024-01-16 03:20:33,011] [INFO] P********@o******.com 系统无法接受您的验证结果，请完成非机器人验证。
[2024-01-17 03:20:31,677] [INFO] P********@o******.com 系统无法接受您的验证结果，请完成非机器人验证。
[2024-01-18 03:19:36,921] [INFO] P********@o******.com 系统无法接受您的验证结果，请完成非机器人验证。
[2024-01-19 03:19:30,843] [INFO] P********@o******.com 系统无法接受您的验证结果，请完成非机器人验证。
[2024-01-20 03:18:42,349] [INFO] P********@o******.com 系统无法接受您的验证结果，请完成非机器人验证。
[2024-01-21 03:18:52,857] [INFO] P********@o******.com 系统无法接受您的验证结果，请完成非机器人验证。
[2024-01-22 03:19:47,386] [INFO] P********@o******.com 系统无法接受您的验证结果，请完成非机器人验证。
[2024-01-23 03:19:05,685] [INFO] P********@o******.com 系统无法接受您的验证结果，请完成非机器人验证。
[2024-01-24 03:19:22,689] [INFO] P********@o******.com 系统无法接受您的验证结果，请完成非机器人验证。
[2024-01-25 03:19:02,708] [INFO] P********@o******.com 系统无法接受您的验证结果，请完成非机器人验证。
[2024-01-26 03:18:52,209] [INFO] P********@o******.com 系统无法接受您的验证结果，请完成非机器人验证。
[2024-01-27 03:16:53,736] [INFO] P********@o******.com 系统无法接受您的验证结果，请完成非机器人验证。
[2024-01-28 03:16:56,572] [INFO] P********@o******.com 系统无法接受您的验证结果，请完成非机器人验证。
[2024-01-29 03:18:12,717] [INFO] P********@o******.com 系统无法接受您的验证结果，请完成非机器人验证。
[2024-01-30 03:17:29,634] [INFO] P********@o******.com 系统无法接受您的验证结果，请完成非机器人验证。
[2024-01-31 03:17:55,084] [INFO] P********@o******.com 系统无法接受您的验证结果，请完成非机器人验证。
[2024-02-01 03:18:25,658] [INFO] P********@o******.com 系统无法接受您的验证结果，请完成非机器人验证。
[2024-02-02 03:18:12,757] [INFO] P********@o******.com 系统无法接受您的验证结果，请完成非机器人验证。
[2024-02-03 03:20:19,350] [INFO] P********@o******.com 系统无法接受您的验证结果，请完成非机器人验证。
[2024-02-04 03:18:40,595] [INFO] P********@o******.com 系统无法接受您的验证结果，请完成非机器人验证。
[2024-02-05 03:18:49,232] [INFO] P********@o******.com 系统无法接受您的验证结果，请完成非机器人验证。
[2024-02-06 03:18:31,289] [INFO] P********@o******.com 系统无法接受您的验证结果，请完成非机器人验证。
[2024-02-07 03:18:35,964] [INFO] P********@o******.com 系统无法接受您的验证结果，请完成非机器人验证。
[2024-02-08 03:18:19,362] [INFO] P********@o******.com 系统无法接受您的验证结果，请完成非机器人验证。
[2024-02-09 03:18:09,953] [INFO] P********@o******.com 系统无法接受您的验证结果，请完成非机器人验证。
[2024-02-10 03:18:13,017] [INFO] P********@o******.com 系统无法接受您的验证结果，请完成非机器人验证。
[2024-02-11 03:18:04,594] [INFO] P********@o******.com 系统无法接受您的验证结果，请完成非机器人验证。
[2024-02-12 03:17:40,566] [INFO] P********@o******.com 系统无法接受您的验证结果，请完成非机器人验证。
[2024-02-13 03:18:53,744] [INFO] P********@o******.com 系统无法接受您的验证结果，请完成非机器人验证。
[2024-02-14 03:18:57,696] [INFO] P********@o******.com 系统无法接受您的验证结果，请完成非机器人验证。
[2024-02-15 03:19:53,253] [INFO] P********@o******.com 系统无法接受您的验证结果，请完成非机器人验证。
[2024-02-16 03:18:58,687] [INFO] P********@o******.com 系统无法接受您的验证结果，请完成非机器人验证。
[2024-02-17 03:17:55,766] [INFO] P********@o******.com 系统无法接受您的验证结果，请完成非机器人验证。
[2024-02-18 03:17:37,668] [INFO] P********@o******.com 系统无法接受您的验证结果，请完成非机器人验证。
[2024-02-19 03:18:24,274] [INFO] P********@o******.com 系统无法接受您的验证结果，请完成非机器人验证。
[2024-02-20 03:18:49,768] [INFO] P********@o******.com 系统无法接受您的验证结果，请完成非机器人验证。
[2024-02-21 03:17:46,967] [INFO] P********@o******.com 系统无法接受您的验证结果，请完成非机器人验证。
[2024-02-22 03:18:03,164] [INFO] P********@o******.com 系统无法接受您的验证结果，请完成非机器人验证。
[2024-02-23 03:17:54,905] [INFO] P********@o******.com 系统无法接受您的验证结果，请完成非机器人验证。
[2024-02-24 03:19:40,882] [INFO] P********@o******.com 系统无法接受您的验证结果，请完成非机器人验证。
[2024-02-25 03:19:00,636] [INFO] P********@o******.com 系统无法接受您的验证结果，请完成非机器人验证。
[2024-02-26 03:19:05,008] [INFO] P********@o******.com 系统无法接受您的验证结果，请完成非机器人验证。如果看不到非机器人验证按钮，请先翻墙再刷新页面。
[2024-02-27 03:18:21,953] [INFO] P********@o******.com 系统无法接受您的验证结果，请完成非机器人验证。如果看不到非机器人验证按钮，请先翻墙再刷新页面。
[2024-02-28 03:17:48,386] [INFO] P********@o******.com 系统无法接受您的验证结果，请完成非机器人验证。如果看不到非机器人验证按钮，请先翻墙再刷新页面。
[2024-02-29 03:20:14,667] [INFO] P********@o******.com 系统无法接受您的验证结果，请完成非机器人验证。如果看不到非机器人验证按钮，请先翻墙再刷新页面。
[2024-03-01 03:21:33,533] [INFO] P********@o******.com 系统无法接受您的验证结果，请完成非机器人验证。如果看不到非机器人验证按钮，请先翻墙再刷新页面。
[2024-03-02 03:16:52,811] [INFO] P********@o******.com 系统无法接受您的验证结果，请完成非机器人验证。如果看不到非机器人验证按钮，请先翻墙再刷新页面。
[2024-03-03 03:17:08,342] [INFO] P********@o******.com 系统无法接受您的验证结果，请完成非机器人验证。如果看不到非机器人验证按钮，请先翻墙再刷新页面。
[2024-03-04 03:45:47,390] [INFO] P********@o******.com 系统无法接受您的验证结果，请完成非机器人验证。如果看不到非机器人验证按钮，请先翻墙再刷新页面。
[2024-03-05 03:19:28,160] [INFO] P********@o******.com 系统无法接受您的验证结果，请完成非机器人验证。如果看不到非机器人验证按钮，请先翻墙再刷新页面。
[2024-03-06 03:17:51,596] [INFO] P********@o******.com 系统无法接受您的验证结果，请完成非机器人验证。如果看不到非机器人验证按钮，请先翻墙再刷新页面。
[2024-03-07 03:15:42,086] [INFO] P********@o******.com 系统无法接受您的验证结果，请完成非机器人验证。如果看不到非机器人验证按钮，请先翻墙再刷新页面。
[2024-03-08 03:17:35,434] [INFO] P********@o******.com 获得了 419MB 流量.
[2024-03-09 03:21:18,867] [INFO] P********@o******.com 系统无法接受您的验证结果，请完成非机器人验证。如果看不到非机器人验证按钮，请先翻墙再刷新页面。
[2024-03-10 03:18:03,251] [INFO] P********@o******.com 系统无法接受您的验证结果，请完成非机器人验证。如果看不到非机器人验证按钮，请先翻墙再刷新页面。
[2024-03-11 03:20:14,677] [INFO] P********@o******.com 系统无法接受您的验证结果，请完成非机器人验证。如果看不到非机器人验证按钮，请先翻墙再刷新页面。
[2024-03-12 03:21:11,497] [INFO] P********@o******.com 系统无法接受您的验证结果，请完成非机器人验证。如果看不到非机器人验证按钮，请先翻墙再刷新页面。
[2024-03-13 03:19:30,784] [INFO] P********@o******.com 系统无法接受您的验证结果，请完成非机器人验证。如果看不到非机器人验证按钮，请先翻墙再刷新页面。
[2024-03-14 03:18:22,253] [INFO] P********@o******.com 系统无法接受您的验证结果，请完成非机器人验证。如果看不到非机器人验证按钮，请先翻墙再刷新页面。
[2024-03-15 03:20:05,358] [INFO] P********@o******.com 系统无法接受您的验证结果，请完成非机器人验证。如果看不到非机器人验证按钮，请先翻墙再刷新页面。
[2024-03-16 03:18:32,791] [INFO] P********@o******.com 系统无法接受您的验证结果，请完成非机器人验证。如果看不到非机器人验证按钮，请先翻墙再刷新页面。
[2024-03-17 03:17:48,452] [INFO] P********@o******.com 系统无法接受您的验证结果，请完成非机器人验证。如果看不到非机器人验证按钮，请先翻墙再刷新页面。
[2024-03-18 03:19:23,367] [INFO] P********@o******.com 系统无法接受您的验证结果，请完成非机器人验证。如果看不到非机器人验证按钮，请先翻墙再刷新页面。
[2024-03-19 03:18:20,714] [INFO] P********@o******.com 系统无法接受您的验证结果，请完成非机器人验证。如果看不到非机器人验证按钮，请先翻墙再刷新页面。
[2024-03-20 03:18:40,565] [INFO] P********@o******.com 系统无法接受您的验证结果，请完成非机器人验证。如果看不到非机器人验证按钮，请先翻墙再刷新页面。
[2024-03-21 03:19:21,492] [INFO] P********@o******.com 系统无法接受您的验证结果，请完成非机器人验证。如果看不到非机器人验证按钮，请先翻墙再刷新页面。
[2024-03-22 03:18:27,429] [INFO] P********@o******.com 系统无法接受您的验证结果，请完成非机器人验证。如果看不到非机器人验证按钮，请先翻墙再刷新页面。
[2024-03-23 03:19:14,111] [INFO] P********@o******.com 系统无法接受您的验证结果，请完成非机器人验证。如果看不到非机器人验证按钮，请先翻墙再刷新页面。
[2024-03-24 03:17:29,852] [INFO] P********@o******.com 系统无法接受您的验证结果，请完成非机器人验证。如果看不到非机器人验证按钮，请先翻墙再刷新页面。
[2024-03-25 03:20:33,230] [INFO] P********@o******.com 系统无法接受您的验证结果，请完成非机器人验证。如果看不到非机器人验证按钮，请先翻墙再刷新页面。
[2024-03-26 03:17:42,563] [INFO] P********@o******.com 系统无法接受您的验证结果，请完成非机器人验证。如果看不到非机器人验证按钮，请先翻墙再刷新页面。
[2024-03-27 03:19:18,924] [INFO] P********@o******.com 系统无法接受您的验证结果，请完成非机器人验证。如果看不到非机器人验证按钮，请先翻墙再刷新页面。
[2024-03-28 03:19:25,400] [INFO] P********@o******.com 系统无法接受您的验证结果，请完成非机器人验证。如果看不到非机器人验证按钮，请先翻墙再刷新页面。
[2024-03-29 03:17:42,439] [INFO] P********@o******.com 系统无法接受您的验证结果，请完成非机器人验证。如果看不到非机器人验证按钮，请先翻墙再刷新页面。
[2024-03-30 03:21:08,389] [INFO] P********@o******.com 系统无法接受您的验证结果，请完成非机器人验证。如果看不到非机器人验证按钮，请先翻墙再刷新页面。
[2024-03-31 03:19:26,435] [INFO] P********@o******.com 系统无法接受您的验证结果，请完成非机器人验证。如果看不到非机器人验证按钮，请先翻墙再刷新页面。
[2024-04-01 03:18:38,998] [INFO] P********@o******.com 系统无法接受您的验证结果，请完成非机器人验证。如果看不到非机器人验证按钮，请先翻墙再刷新页面。
[2024-04-02 03:20:12,697] [INFO] P********@o******.com 系统无法接受您的验证结果，请完成非机器人验证。如果看不到非机器人验证按钮，请先翻墙再刷新页面。
[2024-04-03 03:19:15,961] [INFO] P********@o******.com 系统无法接受您的验证结果，请完成非机器人验证。如果看不到非机器人验证按钮，请先翻墙再刷新页面。
[2024-04-04 03:21:01,018] [INFO] P********@o******.com 系统无法接受您的验证结果，请完成非机器人验证。如果看不到非机器人验证按钮，请先翻墙再刷新页面。
[2024-04-05 03:20:31,795] [INFO] P********@o******.com 系统无法接受您的验证结果，请完成非机器人验证。如果看不到非机器人验证按钮，请先翻墙再刷新页面。
[2024-04-06 03:18:29,363] [INFO] P********@o******.com 系统无法接受您的验证结果，请完成非机器人验证。如果看不到非机器人验证按钮，请先翻墙再刷新页面。
[2024-04-07 03:18:26,765] [INFO] P********@o******.com 系统无法接受您的验证结果，请完成非机器人验证。如果看不到非机器人验证按钮，请先翻墙再刷新页面。
[2024-04-08 03:18:55,876] [INFO] P********@o******.com 系统无法接受您的验证结果，请完成非机器人验证。如果看不到非机器人验证按钮，请先翻墙再刷新页面。
[2024-04-09 03:20:22,133] [INFO] P********@o******.com 系统无法接受您的验证结果，请完成非机器人验证。如果看不到非机器人验证按钮，请先翻墙再刷新页面。
[2024-04-10 03:19:55,958] [INFO] P********@o******.com 系统无法接受您的验证结果，请完成非机器人验证。如果看不到非机器人验证按钮，请先翻墙再刷新页面。
[2024-04-11 03:18:16,050] [INFO] P********@o******.com 系统无法接受您的验证结果，请完成非机器人验证。如果看不到非机器人验证按钮，请先翻墙再刷新页面。
[2024-04-12 03:19:43,682] [INFO] P********@o******.com 系统无法接受您的验证结果，请完成非机器人验证。如果看不到非机器人验证按钮，请先翻墙再刷新页面。
[2024-04-13 03:15:12,473] [INFO] P********@o******.com 系统无法接受您的验证结果，请完成非机器人验证。如果看不到非机器人验证按钮，请先翻墙再刷新页面。
[2024-04-14 03:53:14,636] [INFO] P********@o******.com 系统无法接受您的验证结果，请完成非机器人验证。如果看不到非机器人验证按钮，请先翻墙再刷新页面。
[2024-04-15 04:14:16,045] [INFO] P********@o******.com 系统无法接受您的验证结果，请完成非机器人验证。如果看不到非机器人验证按钮，请先翻墙再刷新页面。
[2024-04-17 03:18:38,670] [INFO] P********@o******.com 系统无法接受您的验证结果，请完成非机器人验证。如果看不到非机器人验证按钮，请先翻墙再刷新页面。
[2024-04-18 03:18:17,452] [INFO] P********@o******.com 系统无法接受您的验证结果，请完成非机器人验证。如果看不到非机器人验证按钮，请先翻墙再刷新页面。
[2024-04-19 03:20:08,915] [INFO] P********@o******.com 系统无法接受您的验证结果，请完成非机器人验证。如果看不到非机器人验证按钮，请先翻墙再刷新页面。
[2024-04-20 03:19:08,725] [INFO] P********@o******.com 系统无法接受您的验证结果，请完成非机器人验证。如果看不到非机器人验证按钮，请先翻墙再刷新页面。
[2024-04-21 03:17:45,213] [INFO] P********@o******.com 系统无法接受您的验证结果，请完成非机器人验证。如果看不到非机器人验证按钮，请先翻墙再刷新页面。
[2024-04-22 03:19:54,474] [INFO] P********@o******.com 系统无法接受您的验证结果，请完成非机器人验证。如果看不到非机器人验证按钮，请先翻墙再刷新页面。
[2024-04-23 03:18:53,030] [INFO] P********@o******.com 系统无法接受您的验证结果，请完成非机器人验证。如果看不到非机器人验证按钮，请先翻墙再刷新页面。
[2024-04-24 03:19:50,573] [INFO] P********@o******.com 系统无法接受您的验证结果，请完成非机器人验证。如果看不到非机器人验证按钮，请先翻墙再刷新页面。
[2024-04-25 03:18:50,792] [INFO] P********@o******.com 系统无法接受您的验证结果，请完成非机器人验证。如果看不到非机器人验证按钮，请先翻墙再刷新页面。
[2024-04-26 03:19:47,826] [INFO] P********@o******.com 系统无法接受您的验证结果，请完成非机器人验证。如果看不到非机器人验证按钮，请先翻墙再刷新页面。
[2024-04-27 03:21:04,977] [INFO] P********@o******.com 系统无法接受您的验证结果，请完成非机器人验证。如果看不到非机器人验证按钮，请先翻墙再刷新页面。
[2024-04-28 03:19:28,191] [INFO] P********@o******.com 系统无法接受您的验证结果，请完成非机器人验证。如果看不到非机器人验证按钮，请先翻墙再刷新页面。
[2024-04-29 03:19:30,155] [INFO] P********@o******.com 系统无法接受您的验证结果，请完成非机器人验证。如果看不到非机器人验证按钮，请先翻墙再刷新页面。
[2024-04-30 03:19:11,759] [INFO] P********@o******.com 系统无法接受您的验证结果，请完成非机器人验证。如果看不到非机器人验证按钮，请先翻墙再刷新页面。
[2024-05-01 03:22:45,796] [INFO] P********@o******.com 系统无法接受您的验证结果，请完成非机器人验证。如果看不到非机器人验证按钮，请先翻墙再刷新页面。
[2024-05-02 03:19:28,780] [INFO] P********@o******.com 系统无法接受您的验证结果，请完成非机器人验证。如果看不到非机器人验证按钮，请先翻墙再刷新页面。
[2024-05-03 03:22:17,301] [INFO] P********@o******.com 系统无法接受您的验证结果，请完成非机器人验证。如果看不到非机器人验证按钮，请先翻墙再刷新页面。
[2024-05-04 03:20:43,319] [INFO] P********@o******.com 系统无法接受您的验证结果，请完成非机器人验证。如果看不到非机器人验证按钮，请先翻墙再刷新页面。
[2024-05-05 03:18:56,519] [INFO] P********@o******.com 系统无法接受您的验证结果，请完成非机器人验证。如果看不到非机器人验证按钮，请先翻墙再刷新页面。
